Determining if the pthread_create exist failed with the following output:
Change Dir: /home/jiangbo/src/estop/bin/CMakeFiles/CMakeTmp

Run Build Command:"/usr/bin/make" "cmTC_1b408/fast"
/usr/bin/make -f CMakeFiles/cmTC_1b408.dir/build.make CMakeFiles/cmTC_1b408.dir/build
make[1]: Entering directory '/home/jiangbo/src/estop/bin/CMakeFiles/CMakeTmp'
Building CXX object CMakeFiles/cmTC_1b408.dir/CheckSymbolExists.cxx.o
/usr/bin/c++     -o CMakeFiles/cmTC_1b408.dir/CheckSymbolExists.cxx.o -c /home/jiangbo/src/estop/bin/CMakeFiles/CMakeTmp/CheckSymbolExists.cxx
Linking CXX executable cmTC_1b408
/usr/bin/cmake -E cmake_link_script CMakeFiles/cmTC_1b408.dir/link.txt --verbose=1
/usr/bin/c++       -rdynamic CMakeFiles/cmTC_1b408.dir/CheckSymbolExists.cxx.o  -o cmTC_1b408 
CMakeFiles/cmTC_1b408.dir/CheckSymbolExists.cxx.o: In function `main':
CheckSymbolExists.cxx:(.text+0x1b): undefined reference to `pthread_create'
collect2: error: ld returned 1 exit status
CMakeFiles/cmTC_1b408.dir/build.make:97: recipe for target 'cmTC_1b408' failed
make[1]: *** [cmTC_1b408] Error 1
make[1]: Leaving directory '/home/jiangbo/src/estop/bin/CMakeFiles/CMakeTmp'
Makefile:126: recipe for target 'cmTC_1b408/fast' failed
make: *** [cmTC_1b408/fast] Error 2

File /home/jiangbo/src/estop/bin/CMakeFiles/CMakeTmp/CheckSymbolExists.cxx:
/* */
#include <pthread.h>

int main(int argc, char** argv)
{
  (void)argv;
#ifndef pthread_create
  return ((int*)(&pthread_create))[argc];
#else
  (void)argc;
  return 0;
#endif
}

Determining if the function pthread_create exists in the pthreads failed with the following output:
Change Dir: /home/jiangbo/src/estop/bin/CMakeFiles/CMakeTmp

Run Build Command:"/usr/bin/make" "cmTC_a4f5c/fast"
/usr/bin/make -f CMakeFiles/cmTC_a4f5c.dir/build.make CMakeFiles/cmTC_a4f5c.dir/build
make[1]: Entering directory '/home/jiangbo/src/estop/bin/CMakeFiles/CMakeTmp'
Building CXX object CMakeFiles/cmTC_a4f5c.dir/CheckFunctionExists.cxx.o
/usr/bin/c++    -DCHECK_FUNCTION_EXISTS=pthread_create   -o CMakeFiles/cmTC_a4f5c.dir/CheckFunctionExists.cxx.o -c /home/jiangbo/src/estop/bin/CMakeFiles/CheckLibraryExists/CheckFunctionExists.cxx
Linking CXX executable cmTC_a4f5c
/usr/bin/cmake -E cmake_link_script CMakeFiles/cmTC_a4f5c.dir/link.txt --verbose=1
/usr/bin/c++   -DCHECK_FUNCTION_EXISTS=pthread_create    -rdynamic CMakeFiles/cmTC_a4f5c.dir/CheckFunctionExists.cxx.o  -o cmTC_a4f5c -lpthreads 
/usr/bin/ld: cannot find -lpthreads
collect2: error: ld returned 1 exit status
CMakeFiles/cmTC_a4f5c.dir/build.make:97: recipe for target 'cmTC_a4f5c' failed
make[1]: *** [cmTC_a4f5c] Error 1
make[1]: Leaving directory '/home/jiangbo/src/estop/bin/CMakeFiles/CMakeTmp'
Makefile:126: recipe for target 'cmTC_a4f5c/fast' failed
make: *** [cmTC_a4f5c/fast] Error 2


